node:internal/modules/cjs/loader:1143
  throw err;
  ^

Error: Cannot find module 'express'
Require stack:
- /home/appyqkdj/public_html/chatapi/app.js
- /usr/local/lsws/fcgi-bin/lsnode.js
    at Module._resolveFilename (node:internal/modules/cjs/loader:1140:15)
    at Module._load (node:internal/modules/cjs/loader:981:27)
    at Module.require (node:internal/modules/cjs/loader:1231:19)
    at require (node:internal/modules/helpers:177:18)
    at Object.<anonymous> (/home/appyqkdj/public_html/chatapi/app.js:1:17)
    at Module._compile (node:internal/modules/cjs/loader:1364:14)
    at Module._extensions..js (node:internal/modules/cjs/loader:1422:10)
    at Module.load (node:internal/modules/cjs/loader:1203:32)
    at Module._load (node:internal/modules/cjs/loader:1019:12)
    at Module.require (node:internal/modules/cjs/loader:1231:19) {
  code: 'MODULE_NOT_FOUND',
  requireStack: [
    '/home/appyqkdj/public_html/chatapi/app.js',
    '/usr/local/lsws/fcgi-bin/lsnode.js'
  ]
}

Node.js v18.20.4
node:internal/modules/cjs/loader:1143
  throw err;
  ^

Error: Cannot find module 'express'
Require stack:
- /home/appyqkdj/public_html/chatapi/app.js
- /usr/local/lsws/fcgi-bin/lsnode.js
    at Module._resolveFilename (node:internal/modules/cjs/loader:1140:15)
    at Module._load (node:internal/modules/cjs/loader:981:27)
    at Module.require (node:internal/modules/cjs/loader:1231:19)
    at require (node:internal/modules/helpers:177:18)
    at Object.<anonymous> (/home/appyqkdj/public_html/chatapi/app.js:1:17)
    at Module._compile (node:internal/modules/cjs/loader:1364:14)
    at Module._extensions..js (node:internal/modules/cjs/loader:1422:10)
    at Module.load (node:internal/modules/cjs/loader:1203:32)
    at Module._load (node:internal/modules/cjs/loader:1019:12)
    at Module.require (node:internal/modules/cjs/loader:1231:19) {
  code: 'MODULE_NOT_FOUND',
  requireStack: [
    '/home/appyqkdj/public_html/chatapi/app.js',
    '/usr/local/lsws/fcgi-bin/lsnode.js'
  ]
}

Node.js v18.20.4
