
{"level":"info","message":"a user connected","timestamp":"2025-01-12T04:03:11.313Z"}
{"level":"info","message":[{"createdAt":"2024-12-27T11:37:02.000Z","id":8,"provider":{"email":"johndoe@example.com","firstName":"John","id":1,"lastName":"Doe","online":false},"providerId":1,"userId":6},{"createdAt":"2024-12-27T16:29:36.000Z","id":12,"provider":{"email":"awarabraham37@gmail.com","firstName":"Abraham","id":3,"lastName":"Awar","online":false},"providerId":3,"userId":6},{"createdAt":"2024-12-28T19:11:40.000Z","id":13,"provider":{"email":"yomzeew@gmail.com","firstName":"Yomi","id":5,"lastName":"Babayomi","online":true},"providerId":5,"userId":6},{"createdAt":"2024-12-29T07:23:46.000Z","id":15,"provider":{"email":"janesmith@example.com","firstName":"Jane","id":2,"lastName":"Smith","online":false},"providerId":2,"userId":6}],"timestamp":"2025-01-12T04:03:11.366Z"}
{"level":"info","message":"a user connected","timestamp":"2025-01-12T04:06:23.541Z"}
{"level":"info","message":[{"createdAt":"2024-12-27T11:37:02.000Z","id":8,"provider":{"email":"johndoe@example.com","firstName":"John","id":1,"lastName":"Doe","online":false},"providerId":1,"userId":6},{"createdAt":"2024-12-27T16:29:36.000Z","id":12,"provider":{"email":"awarabraham37@gmail.com","firstName":"Abraham","id":3,"lastName":"Awar","online":false},"providerId":3,"userId":6},{"createdAt":"2024-12-28T19:11:40.000Z","id":13,"provider":{"email":"yomzeew@gmail.com","firstName":"Yomi","id":5,"lastName":"Babayomi","online":true},"providerId":5,"userId":6},{"createdAt":"2024-12-29T07:23:46.000Z","id":15,"provider":{"email":"janesmith@example.com","firstName":"Jane","id":2,"lastName":"Smith","online":false},"providerId":2,"userId":6}],"timestamp":"2025-01-12T04:06:23.598Z"}
{"level":"info","message":"a user connected","timestamp":"2025-01-12T04:09:39.332Z"}
{"level":"info","message":[{"createdAt":"2024-12-27T11:37:02.000Z","id":8,"provider":{"email":"johndoe@example.com","firstName":"John","id":1,"lastName":"Doe","online":false},"providerId":1,"userId":6},{"createdAt":"2024-12-27T16:29:36.000Z","id":12,"provider":{"email":"awarabraham37@gmail.com","firstName":"Abraham","id":3,"lastName":"Awar","online":false},"providerId":3,"userId":6},{"createdAt":"2024-12-28T19:11:40.000Z","id":13,"provider":{"email":"yomzeew@gmail.com","firstName":"Yomi","id":5,"lastName":"Babayomi","online":true},"providerId":5,"userId":6},{"createdAt":"2024-12-29T07:23:46.000Z","id":15,"provider":{"email":"janesmith@example.com","firstName":"Jane","id":2,"lastName":"Smith","online":false},"providerId":2,"userId":6}],"timestamp":"2025-01-12T04:09:39.367Z"}
{"level":"info","message":"a user connected","timestamp":"2025-01-12T04:11:21.940Z"}
{"level":"info","message":[{"createdAt":"2024-12-27T11:37:02.000Z","id":8,"provider":{"email":"johndoe@example.com","firstName":"John","id":1,"lastName":"Doe","online":false},"providerId":1,"userId":6},{"createdAt":"2024-12-27T16:29:36.000Z","id":12,"provider":{"email":"awarabraham37@gmail.com","firstName":"Abraham","id":3,"lastName":"Awar","online":false},"providerId":3,"userId":6},{"createdAt":"2024-12-28T19:11:40.000Z","id":13,"provider":{"email":"yomzeew@gmail.com","firstName":"Yomi","id":5,"lastName":"Babayomi","online":true},"providerId":5,"userId":6},{"createdAt":"2024-12-29T07:23:46.000Z","id":15,"provider":{"email":"janesmith@example.com","firstName":"Jane","id":2,"lastName":"Smith","online":false},"providerId":2,"userId":6}],"timestamp":"2025-01-12T04:11:21.997Z"}
{"level":"info","message":"a user connected","timestamp":"2025-01-12T04:12:01.445Z"}
{"level":"info","message":[{"createdAt":"2024-12-27T11:37:02.000Z","id":8,"provider":{"email":"johndoe@example.com","firstName":"John","id":1,"lastName":"Doe","online":false},"providerId":1,"userId":6},{"createdAt":"2024-12-27T16:29:36.000Z","id":12,"provider":{"email":"awarabraham37@gmail.com","firstName":"Abraham","id":3,"lastName":"Awar","online":false},"providerId":3,"userId":6},{"createdAt":"2024-12-28T19:11:40.000Z","id":13,"provider":{"email":"yomzeew@gmail.com","firstName":"Yomi","id":5,"lastName":"Babayomi","online":true},"providerId":5,"userId":6},{"createdAt":"2024-12-29T07:23:46.000Z","id":15,"provider":{"email":"janesmith@example.com","firstName":"Jane","id":2,"lastName":"Smith","online":false},"providerId":2,"userId":6}],"timestamp":"2025-01-12T04:12:01.607Z"}
{"level":"info","message":"a user connected","timestamp":"2025-01-12T04:31:29.145Z"}
{"level":"info","message":[{"createdAt":"2024-12-27T11:37:02.000Z","id":8,"provider":{"email":"johndoe@example.com","firstName":"John","id":1,"lastName":"Doe","online":false},"providerId":1,"userId":6},{"createdAt":"2024-12-27T16:29:36.000Z","id":12,"provider":{"email":"awarabraham37@gmail.com","firstName":"Abraham","id":3,"lastName":"Awar","online":false},"providerId":3,"userId":6},{"createdAt":"2024-12-28T19:11:40.000Z","id":13,"provider":{"email":"yomzeew@gmail.com","firstName":"Yomi","id":5,"lastName":"Babayomi","online":true},"providerId":5,"userId":6},{"createdAt":"2024-12-29T07:23:46.000Z","id":15,"provider":{"email":"janesmith@example.com","firstName":"Jane","id":2,"lastName":"Smith","online":false},"providerId":2,"userId":6}],"timestamp":"2025-01-12T04:31:29.207Z"}
{"level":"info","message":"a user connected","timestamp":"2025-01-12T04:33:53.776Z"}
{"level":"info","message":[{"createdAt":"2024-12-27T11:37:02.000Z","id":8,"provider":{"email":"johndoe@example.com","firstName":"John","id":1,"lastName":"Doe","online":false},"providerId":1,"userId":6},{"createdAt":"2024-12-27T16:29:36.000Z","id":12,"provider":{"email":"awarabraham37@gmail.com","firstName":"Abraham","id":3,"lastName":"Awar","online":false},"providerId":3,"userId":6},{"createdAt":"2024-12-28T19:11:40.000Z","id":13,"provider":{"email":"yomzeew@gmail.com","firstName":"Yomi","id":5,"lastName":"Babayomi","online":true},"providerId":5,"userId":6},{"createdAt":"2024-12-29T07:23:46.000Z","id":15,"provider":{"email":"janesmith@example.com","firstName":"Jane","id":2,"lastName":"Smith","online":false},"providerId":2,"userId":6}],"timestamp":"2025-01-12T04:33:53.839Z"}
{"level":"info","message":"a user connected","timestamp":"2025-01-12T04:34:24.379Z"}
{"level":"info","message":"a user connected","timestamp":"2025-01-12T04:34:44.242Z"}
{"level":"info","message":"a user connected","timestamp":"2025-01-12T04:40:35.679Z"}
{"level":"error","timestamp":"2025-01-12T04:40:54.587Z"}
{"level":"info","message":"a user connected","timestamp":"2025-01-12T04:47:16.334Z"}
{"level":"info","message":"a user connected","timestamp":"2025-01-12T04:48:31.414Z"}
{"level":"info","message":"a user connected","timestamp":"2025-01-12T08:46:38.288Z"}
{"level":"info","message":"a user connected","timestamp":"2025-01-12T08:49:37.373Z"}
{"level":"info","message":"a user connected","timestamp":"2025-01-12T08:51:04.871Z"}
{"level":"info","message":"a user connected","timestamp":"2025-01-12T08:51:51.023Z"}
{"level":"info","message":"a user connected","timestamp":"2025-01-12T08:52:39.922Z"}
{"level":"info","message":"a user connected","timestamp":"2025-01-12T08:52:42.579Z"}
{"level":"info","message":"a user connected","timestamp":"2025-01-12T09:01:56.163Z"}
{"level":"info","message":"a user connected","timestamp":"2025-01-12T09:02:56.076Z"}
{"level":"info","message":"a user connected","timestamp":"2025-01-12T09:03:45.051Z"}
{"level":"info","message":"a user connected","timestamp":"2025-01-12T09:04:59.166Z"}
{"level":"info","message":"a user connected","timestamp":"2025-01-12T09:05:28.219Z"}
{"level":"info","message":"a user connected","timestamp":"2025-01-12T09:05:40.654Z"}
{"level":"info","message":"a user connected","timestamp":"2025-01-12T09:07:13.237Z"}
{"level":"info","message":"a user connected","timestamp":"2025-01-12T09:08:08.221Z"}
{"level":"info","message":"a user connected","timestamp":"2025-01-12T09:15:48.846Z"}
{"level":"error","timestamp":"2025-01-12T09:15:56.195Z"}
{"level":"info","message":"a user connected","timestamp":"2025-01-12T09:27:37.618Z"}
{"level":"info","message":[],"timestamp":"2025-01-12T09:27:37.659Z"}
{"level":"info","message":"a user connected","timestamp":"2025-01-12T09:27:38.179Z"}
{"level":"info","message":[],"timestamp":"2025-01-12T09:27:38.241Z"}
{"level":"info","message":"a user connected","timestamp":"2025-01-12T09:27:51.959Z"}
{"level":"info","message":[],"timestamp":"2025-01-12T09:27:52.067Z"}
{"level":"info","message":"a user connected","timestamp":"2025-01-12T09:28:48.520Z"}
{"level":"info","message":"a user connected","timestamp":"2025-01-12T09:28:48.541Z"}
{"level":"info","message":[],"timestamp":"2025-01-12T09:28:48.598Z"}
{"level":"info","message":[],"timestamp":"2025-01-12T09:28:48.609Z"}
{"level":"info","message":"a user connected","timestamp":"2025-01-12T09:29:00.742Z"}
{"level":"info","message":[],"timestamp":"2025-01-12T09:29:00.818Z"}
{"level":"error","timestamp":"2025-01-12T09:29:03.737Z"}
{"level":"info","message":"a user connected","timestamp":"2025-01-12T09:35:52.330Z"}
{"level":"info","message":"a user connected","timestamp":"2025-01-12T09:35:52.453Z"}
{"level":"info","message":[],"timestamp":"2025-01-12T09:35:52.504Z"}
{"level":"info","message":[],"timestamp":"2025-01-12T09:35:52.524Z"}
{"level":"error","timestamp":"2025-01-12T09:35:56.448Z"}
{"level":"info","message":"a user connected","timestamp":"2025-01-12T09:39:47.904Z"}
{"level":"info","message":[],"timestamp":"2025-01-12T09:39:47.986Z"}
{"level":"info","message":"a user connected","timestamp":"2025-01-12T09:39:52.365Z"}
{"level":"info","message":[],"timestamp":"2025-01-12T09:39:52.403Z"}
{"level":"info","message":"a user connected","timestamp":"2025-01-12T09:42:35.406Z"}
{"level":"info","message":[],"timestamp":"2025-01-12T09:42:35.565Z"}
{"level":"error","timestamp":"2025-01-12T09:42:39.799Z"}
{"level":"info","message":"a user connected","timestamp":"2025-01-12T09:46:14.329Z"}
{"level":"info","message":[],"timestamp":"2025-01-12T09:46:14.388Z"}
{"level":"info","message":"a user connected","timestamp":"2025-01-12T09:46:18.186Z"}
{"level":"info","message":[],"timestamp":"2025-01-12T09:46:18.302Z"}
{"level":"info","message":"a user connected","timestamp":"2025-01-12T09:46:19.858Z"}
{"level":"info","message":[],"timestamp":"2025-01-12T09:46:19.913Z"}
{"level":"error","timestamp":"2025-01-12T09:46:27.416Z"}
{"level":"info","message":"a user connected","timestamp":"2025-01-12T09:58:26.963Z"}
{"level":"info","message":[],"timestamp":"2025-01-12T09:58:27.030Z"}
{"level":"error","timestamp":"2025-01-12T09:58:46.340Z"}
{"level":"info","message":"a user connected","timestamp":"2025-01-12T10:05:16.231Z"}
{"level":"info","message":[],"timestamp":"2025-01-12T10:05:16.288Z"}
{"level":"info","message":"a user connected","timestamp":"2025-01-12T10:05:21.802Z"}
{"level":"info","message":[],"timestamp":"2025-01-12T10:05:21.840Z"}
{"level":"error","timestamp":"2025-01-12T10:05:27.327Z"}
{"level":"info","message":"a user connected","timestamp":"2025-01-12T10:18:18.216Z"}
{"level":"info","message":[],"timestamp":"2025-01-12T10:18:18.247Z"}
{"level":"info","message":"a user connected","timestamp":"2025-01-12T10:19:00.041Z"}
{"level":"info","message":[],"timestamp":"2025-01-12T10:19:00.088Z"}
{"level":"error","timestamp":"2025-01-12T10:19:02.662Z"}
{"level":"info","message":"a user connected","timestamp":"2025-01-12T10:19:40.315Z"}
{"level":"info","message":[],"timestamp":"2025-01-12T10:19:40.352Z"}
{"level":"error","timestamp":"2025-01-12T10:19:43.230Z"}
{"level":"info","message":"a user connected","timestamp":"2025-01-12T10:20:44.226Z"}
{"level":"info","message":[],"timestamp":"2025-01-12T10:20:44.263Z"}
{"level":"info","message":"a user connected","timestamp":"2025-01-12T10:20:49.042Z"}
{"level":"info","message":[],"timestamp":"2025-01-12T10:20:49.066Z"}
{"level":"error","timestamp":"2025-01-12T10:20:51.376Z"}
{"level":"info","message":"a user connected","timestamp":"2025-01-12T10:21:31.259Z"}
{"level":"info","message":[],"timestamp":"2025-01-12T10:21:31.294Z"}
{"level":"info","message":"a user connected","timestamp":"2025-01-12T10:21:36.137Z"}
{"level":"info","message":[],"timestamp":"2025-01-12T10:21:36.173Z"}
{"level":"error","timestamp":"2025-01-12T10:21:38.820Z"}
{"level":"info","message":"a user connected","timestamp":"2025-01-12T10:22:43.235Z"}
{"level":"info","message":[],"timestamp":"2025-01-12T10:22:43.267Z"}
{"level":"info","message":"a user connected","timestamp":"2025-01-12T10:22:49.595Z"}
{"level":"info","message":[],"timestamp":"2025-01-12T10:22:49.629Z"}
{"level":"error","timestamp":"2025-01-12T10:22:53.228Z"}
{"level":"info","message":"a user connected","timestamp":"2025-01-12T10:23:56.675Z"}
{"level":"info","message":[],"timestamp":"2025-01-12T10:23:56.713Z"}
{"level":"info","message":"a user connected","timestamp":"2025-01-12T10:24:40.027Z"}
{"level":"info","message":[],"timestamp":"2025-01-12T10:24:40.059Z"}
{"level":"info","message":"a user connected","timestamp":"2025-01-12T10:28:58.213Z"}
{"level":"info","message":[],"timestamp":"2025-01-12T10:28:58.255Z"}
{"level":"info","message":"a user connected","timestamp":"2025-01-12T10:32:03.233Z"}
{"level":"info","message":[],"timestamp":"2025-01-12T10:32:03.264Z"}
{"level":"info","message":"a user connected","timestamp":"2025-01-12T10:35:59.212Z"}
{"level":"info","message":[],"timestamp":"2025-01-12T10:35:59.248Z"}
{"level":"info","message":"a user connected","timestamp":"2025-01-12T10:36:55.225Z"}
{"level":"info","message":[],"timestamp":"2025-01-12T10:36:55.263Z"}
{"level":"info","message":"a user connected","timestamp":"2025-01-12T10:37:45.480Z"}
{"level":"info","message":[],"timestamp":"2025-01-12T10:37:45.512Z"}
{"level":"info","message":"a user connected","timestamp":"2025-01-12T10:38:01.207Z"}
{"level":"info","message":[],"timestamp":"2025-01-12T10:38:01.260Z"}
{"level":"info","message":"a user connected","timestamp":"2025-01-12T10:38:54.489Z"}
{"level":"info","message":[],"timestamp":"2025-01-12T10:38:54.522Z"}
{"level":"info","message":"a user connected","timestamp":"2025-01-12T10:40:01.255Z"}
{"level":"info","message":[],"timestamp":"2025-01-12T10:40:01.286Z"}
{"level":"info","message":"a user connected","timestamp":"2025-01-12T10:41:56.981Z"}
{"level":"info","message":[],"timestamp":"2025-01-12T10:41:57.044Z"}
{"level":"info","message":"a user connected","timestamp":"2025-01-12T10:42:35.210Z"}
{"level":"info","message":[],"timestamp":"2025-01-12T10:42:35.250Z"}
{"level":"info","message":"a user connected","timestamp":"2025-01-12T10:43:11.096Z"}
{"level":"info","message":[{"createdAt":"2025-01-12T10:42:39.000Z","id":20,"provider":{"email":"awarabraham37@gmail.com","firstName":"Abraham","id":3,"lastName":"Awar","online":false},"providerId":3,"userId":6}],"timestamp":"2025-01-12T10:43:11.136Z"}
